# JRE version: OpenJDK Runtime Environment Microsoft-7208460 (11.0.18+10) (build 11.0.18+10-LTS)
# Java VM: OpenJDK 64-Bit Server VM Microsoft-7208460 (11.0.18+10-LTS, mixed mode, tiered, compressed oops, g1 gc, windows-amd64)
Heap:
 garbage-first heap   total 534528K, used 67182K [0x0000000080000000, 0x0000000100000000)
  region size 1024K, 1 young (1024K), 1 survivors (1024K)
 Metaspace       used 79851K, capacity 82086K, committed 82260K, reserved 587776K
  class space    used 10268K, capacity 11210K, committed 11340K, reserved 516096K
GC Heap History (20 events):
Event: 403.500 GC heap after
{Heap after GC invocations=33 (full 0):
 garbage-first heap   total 222208K, used 50246K [0x0000000080000000, 0x0000000100000000)
  region size 1024K, 2 young (2048K), 2 survivors (2048K)
 Metaspace       used 70432K, capacity 72566K, committed 72788K, reserved 579584K
  class space    used 9134K, capacity 9992K, committed 10060K, reserved 516096K
}
Event: 408.252 GC heap before
{Heap before GC invocations=33 (full 0):
 garbage-first heap   total 222208K, used 59462K [0x0000000080000000, 0x0000000100000000)
  region size 1024K, 11 young (11264K), 2 survivors (2048K)
 Metaspace       used 71001K, capacity 73160K, committed 73428K, reserved 579584K
  class space    used 9232K, capacity 10125K, committed 10188K, reserved 516096K
}
Event: 408.475 GC heap after
{Heap after GC invocations=34 (full 0):
 garbage-first heap   total 222208K, used 50890K [0x0000000080000000, 0x0000000100000000)
  region size 1024K, 1 young (1024K), 1 survivors (1024K)
 Metaspace       used 71001K, capacity 73160K, committed 73428K, reserved 579584K
  class space    used 9232K, capacity 10125K, committed 10188K, reserved 516096K
}
Event: 410.231 GC heap before
{Heap before GC invocations=34 (full 0):
 garbage-first heap   total 222208K, used 60106K [0x0000000080000000, 0x0000000100000000)
  region size 1024K, 10 young (10240K), 1 survivors (1024K)
 Metaspace       used 71060K, capacity 73165K, committed 73428K, reserved 579584K
  class space    used 9232K, capacity 10125K, committed 10188K, reserved 516096K
}
Event: 410.243 GC heap after
{Heap after GC invocations=35 (full 0):
 garbage-first heap   total 222208K, used 51200K [0x0000000080000000, 0x0000000100000000)
  region size 1024K, 2 young (2048K), 2 survivors (2048K)
 Metaspace       used 71060K, capacity 73165K, committed 73428K, reserved 579584K
  class space    used 9232K, capacity 10125K, committed 10188K, reserved 516096K
}
Event: 421.751 GC heap before
{Heap before GC invocations=35 (full 0):
 garbage-first heap   total 222208K, used 65536K [0x0000000080000000, 0x0000000100000000)
  region size 1024K, 14 young (14336K), 2 survivors (2048K)
 Metaspace       used 71447K, capacity 73648K, committed 73812K, reserved 581632K
  class space    used 9291K, capacity 10200K, committed 10316K, reserved 516096K
}
Event: 422.023 GC heap after
{Heap after GC invocations=36 (full 0):
 garbage-first heap   total 222208K, used 55482K [0x0000000080000000, 0x0000000100000000)
  region size 1024K, 2 young (2048K), 2 survivors (2048K)
 Metaspace       used 71447K, capacity 73648K, committed 73812K, reserved 581632K
  class space    used 9291K, capacity 10200K, committed 10316K, reserved 516096K
}
Event: 427.603 GC heap before
{Heap before GC invocations=36 (full 0):
 garbage-first heap   total 222208K, used 65722K [0x0000000080000000, 0x0000000100000000)
  region size 1024K, 12 young (12288K), 2 survivors (2048K)
 Metaspace       used 72720K, capacity 74934K, committed 75220K, reserved 581632K
  class space    used 9443K, capacity 10329K, committed 10444K, reserved 516096K
}
Event: 427.977 GC heap after
{Heap after GC invocations=37 (full 0):
 garbage-first heap   total 222208K, used 55856K [0x0000000080000000, 0x0000000100000000)
  region size 1024K, 1 young (1024K), 1 survivors (1024K)
 Metaspace       used 72720K, capacity 74934K, committed 75220K, reserved 581632K
  class space    used 9443K, capacity 10329K, committed 10444K, reserved 516096K
}
Event: 433.646 GC heap before
{Heap before GC invocations=37 (full 0):
 garbage-first heap   total 222208K, used 65072K [0x0000000080000000, 0x0000000100000000)
  region size 1024K, 10 young (10240K), 1 survivors (1024K)
 Metaspace       used 73829K, capacity 75956K, committed 76116K, reserved 583680K
  class space    used 9576K, capacity 10495K, committed 10572K, reserved 516096K
}
Event: 433.711 GC heap after
{Heap after GC invocations=38 (full 0):
 garbage-first heap   total 267264K, used 56238K [0x0000000080000000, 0x0000000100000000)
  region size 1024K, 1 young (1024K), 1 survivors (1024K)
 Metaspace       used 73829K, capacity 75956K, committed 76116K, reserved 583680K
  class space    used 9576K, capacity 10495K, committed 10572K, reserved 516096K
}
Event: 448.343 GC heap before
{Heap before GC invocations=38 (full 0):
 garbage-first heap   total 267264K, used 70574K [0x0000000080000000, 0x0000000100000000)
  region size 1024K, 13 young (13312K), 1 survivors (1024K)
 Metaspace       used 74964K, capacity 77140K, committed 77268K, reserved 583680K
  class space    used 9724K, capacity 10655K, committed 10700K, reserved 516096K
}
Event: 449.767 GC heap after
{Heap after GC invocations=39 (full 0):
 garbage-first heap   total 267264K, used 60886K [0x0000000080000000, 0x0000000100000000)
  region size 1024K, 2 young (2048K), 2 survivors (2048K)
 Metaspace       used 74964K, capacity 77140K, committed 77268K, reserved 583680K
  class space    used 9724K, capacity 10655K, committed 10700K, reserved 516096K
}
Event: 465.429 GC heap before
{Heap before GC invocations=39 (full 0):
 garbage-first heap   total 267264K, used 72150K [0x0000000080000000, 0x0000000100000000)
  region size 1024K, 13 young (13312K), 2 survivors (2048K)
 Metaspace       used 76683K, capacity 78967K, committed 79188K, reserved 585728K
  class space    used 9888K, capacity 10816K, committed 10828K, reserved 516096K
}
Event: 465.732 GC heap after
{Heap after GC invocations=40 (full 0):
 garbage-first heap   total 267264K, used 61177K [0x0000000080000000, 0x0000000100000000)
  region size 1024K, 1 young (1024K), 1 survivors (1024K)
 Metaspace       used 76683K, capacity 78967K, committed 79188K, reserved 585728K
  class space    used 9888K, capacity 10816K, committed 10828K, reserved 516096K
}
Event: 486.367 GC heap before
{Heap before GC invocations=40 (full 0):
 garbage-first heap   total 267264K, used 73465K [0x0000000080000000, 0x0000000100000000)
  region size 1024K, 13 young (13312K), 1 survivors (1024K)
 Metaspace       used 78206K, capacity 80494K, committed 80724K, reserved 587776K
  class space    used 10048K, capacity 10982K, committed 11084K, reserved 516096K
}
Event: 487.742 GC heap after
{Heap after GC invocations=41 (full 0):
 garbage-first heap   total 267264K, used 62337K [0x0000000080000000, 0x0000000100000000)
  region size 1024K, 2 young (2048K), 2 survivors (2048K)
 Metaspace       used 78206K, capacity 80494K, committed 80724K, reserved 587776K
  class space    used 10048K, capacity 10982K, committed 11084K, reserved 516096K
}
Event: 496.485 GC heap before
{Heap before GC invocations=41 (full 0):
 garbage-first heap   total 267264K, used 77697K [0x0000000080000000, 0x0000000100000000)
  region size 1024K, 13 young (13312K), 2 survivors (2048K)
 Metaspace       used 79271K, capacity 81550K, committed 81876K, reserved 587776K
  class space    used 10172K, capacity 11078K, committed 11212K, reserved 516096K
}
Event: 497.016 GC heap after
{Heap after GC invocations=42 (full 0):
 garbage-first heap   total 267264K, used 68975K [0x0000000080000000, 0x0000000100000000)
  region size 1024K, 2 young (2048K), 2 survivors (2048K)
 Metaspace       used 79271K, capacity 81550K, committed 81876K, reserved 587776K
  class space    used 10172K, capacity 11078K, committed 11212K, reserved 516096K
}
Event: 501.631 GC heap before
{Heap before GC invocations=42 (full 0):
 garbage-first heap   total 267264K, used 82287K [0x0000000080000000, 0x0000000100000000)
  region size 1024K, 13 young (13312K), 2 survivors (2048K)
 Metaspace       used 79851K, capacity 82086K, committed 82260K, reserved 587776K
  class space    used 10268K, capacity 11210K, committed 11340K, reserved 516096K
}

