# JRE version: OpenJDK Runtime Environment Microsoft-7208460 (11.0.18+10) (build 11.0.18+10-LTS)
# Java VM: OpenJDK 64-Bit Server VM Microsoft-7208460 (11.0.18+10-LTS, mixed mode, tiered, compressed oops, g1 gc, windows-amd64)
Heap:
 garbage-first heap   total 323584K, used 75831K [0x0000000080000000, 0x0000000100000000)
  region size 1024K, 1 young (1024K), 1 survivors (1024K)
 Metaspace       used 84076K, capacity 86409K, committed 86664K, reserved 591872K
  class space    used 10822K, capacity 11789K, committed 11904K, reserved 516096K
GC Heap History (20 events):
Event: 445.869 GC heap after
{Heap after GC invocations=37 (full 0):
 garbage-first heap   total 235520K, used 62170K [0x0000000080000000, 0x0000000100000000)
  region size 1024K, 2 young (2048K), 2 survivors (2048K)
 Metaspace       used 74187K, capacity 76373K, committed 76680K, reserved 583680K
  class space    used 9612K, capacity 10527K, committed 10624K, reserved 516096K
}
Event: 452.003 GC heap before
{Heap before GC invocations=37 (full 0):
 garbage-first heap   total 235520K, used 73434K [0x0000000080000000, 0x0000000100000000)
  region size 1024K, 13 young (13312K), 2 survivors (2048K)
 Metaspace       used 75682K, capacity 77848K, committed 78088K, reserved 583680K
  class space    used 9793K, capacity 10720K, committed 10752K, reserved 516096K
}
Event: 452.119 GC heap after
{Heap after GC invocations=38 (full 0):
 garbage-first heap   total 235520K, used 63198K [0x0000000080000000, 0x0000000100000000)
  region size 1024K, 1 young (1024K), 1 survivors (1024K)
 Metaspace       used 75682K, capacity 77848K, committed 78088K, reserved 583680K
  class space    used 9793K, capacity 10720K, committed 10752K, reserved 516096K
}
Event: 460.149 GC heap before
{Heap before GC invocations=38 (full 0):
 garbage-first heap   total 235520K, used 75486K [0x0000000080000000, 0x0000000100000000)
  region size 1024K, 13 young (13312K), 1 survivors (1024K)
 Metaspace       used 77423K, capacity 79692K, committed 79880K, reserved 585728K
  class space    used 9970K, capacity 10885K, committed 11008K, reserved 516096K
}
Event: 460.236 GC heap after
{Heap after GC invocations=39 (full 0):
 garbage-first heap   total 235520K, used 63259K [0x0000000080000000, 0x0000000100000000)
  region size 1024K, 1 young (1024K), 1 survivors (1024K)
 Metaspace       used 77423K, capacity 79692K, committed 79880K, reserved 585728K
  class space    used 9970K, capacity 10885K, committed 11008K, reserved 516096K
}
Event: 471.262 GC heap before
{Heap before GC invocations=39 (full 0):
 garbage-first heap   total 235520K, used 82715K [0x0000000080000000, 0x0000000100000000)
  region size 1024K, 16 young (16384K), 1 survivors (1024K)
 Metaspace       used 79325K, capacity 81583K, committed 81800K, reserved 587776K
  class space    used 10175K, capacity 11110K, committed 11136K, reserved 516096K
}
Event: 471.653 GC heap after
{Heap after GC invocations=40 (full 0):
 garbage-first heap   total 235520K, used 69956K [0x0000000080000000, 0x0000000100000000)
  region size 1024K, 2 young (2048K), 2 survivors (2048K)
 Metaspace       used 79325K, capacity 81583K, committed 81800K, reserved 587776K
  class space    used 10175K, capacity 11110K, committed 11136K, reserved 516096K
}
Event: 474.046 GC heap before
{Heap before GC invocations=40 (full 0):
 garbage-first heap   total 235520K, used 80196K [0x0000000080000000, 0x0000000100000000)
  region size 1024K, 11 young (11264K), 2 survivors (2048K)
 Metaspace       used 79535K, capacity 81767K, committed 81928K, reserved 587776K
  class space    used 10205K, capacity 11146K, committed 11264K, reserved 516096K
}
Event: 474.188 GC heap after
{Heap after GC invocations=41 (full 0):
 garbage-first heap   total 235520K, used 71721K [0x0000000080000000, 0x0000000100000000)
  region size 1024K, 1 young (1024K), 1 survivors (1024K)
 Metaspace       used 79535K, capacity 81767K, committed 81928K, reserved 587776K
  class space    used 10205K, capacity 11146K, committed 11264K, reserved 516096K
}
Event: 479.822 GC heap before
{Heap before GC invocations=41 (full 0):
 garbage-first heap   total 235520K, used 81961K [0x0000000080000000, 0x0000000100000000)
  region size 1024K, 11 young (11264K), 1 survivors (1024K)
 Metaspace       used 80650K, capacity 82925K, committed 83080K, reserved 589824K
  class space    used 10348K, capacity 11275K, committed 11392K, reserved 516096K
}
Event: 479.838 GC heap after
{Heap after GC invocations=42 (full 0):
 garbage-first heap   total 235520K, used 72080K [0x0000000080000000, 0x0000000100000000)
  region size 1024K, 2 young (2048K), 2 survivors (2048K)
 Metaspace       used 80650K, capacity 82925K, committed 83080K, reserved 589824K
  class space    used 10348K, capacity 11275K, committed 11392K, reserved 516096K
}
Event: 483.002 GC heap before
{Heap before GC invocations=42 (full 0):
 garbage-first heap   total 235520K, used 82320K [0x0000000080000000, 0x0000000100000000)
  region size 1024K, 12 young (12288K), 2 survivors (2048K)
 Metaspace       used 81457K, capacity 83738K, committed 83848K, reserved 589824K
  class space    used 10448K, capacity 11374K, committed 11392K, reserved 516096K
}
Event: 483.105 GC heap after
{Heap after GC invocations=43 (full 0):
 garbage-first heap   total 235520K, used 72912K [0x0000000080000000, 0x0000000100000000)
  region size 1024K, 2 young (2048K), 2 survivors (2048K)
 Metaspace       used 81457K, capacity 83738K, committed 83848K, reserved 589824K
  class space    used 10448K, capacity 11374K, committed 11392K, reserved 516096K
}
Event: 488.593 GC heap before
{Heap before GC invocations=43 (full 0):
 garbage-first heap   total 235520K, used 83152K [0x0000000080000000, 0x0000000100000000)
  region size 1024K, 13 young (13312K), 2 survivors (2048K)
 Metaspace       used 82362K, capacity 84667K, committed 84744K, reserved 589824K
  class space    used 10548K, capacity 11470K, committed 11520K, reserved 516096K
}
Event: 488.723 GC heap after
{Heap after GC invocations=44 (full 0):
 garbage-first heap   total 235520K, used 73626K [0x0000000080000000, 0x0000000100000000)
  region size 1024K, 2 young (2048K), 2 survivors (2048K)
 Metaspace       used 82362K, capacity 84667K, committed 84744K, reserved 589824K
  class space    used 10548K, capacity 11470K, committed 11520K, reserved 516096K
}
Event: 498.041 GC heap before
{Heap before GC invocations=44 (full 0):
 garbage-first heap   total 235520K, used 87962K [0x0000000080000000, 0x0000000100000000)
  region size 1024K, 15 young (15360K), 2 survivors (2048K)
 Metaspace       used 83401K, capacity 85661K, committed 85896K, reserved 591872K
  class space    used 10692K, capacity 11604K, committed 11648K, reserved 516096K
}
Event: 498.175 GC heap after
{Heap after GC invocations=45 (full 0):
 garbage-first heap   total 235520K, used 75027K [0x0000000080000000, 0x0000000100000000)
  region size 1024K, 2 young (2048K), 2 survivors (2048K)
 Metaspace       used 83401K, capacity 85661K, committed 85896K, reserved 591872K
  class space    used 10692K, capacity 11604K, committed 11648K, reserved 516096K
}
Event: 519.954 GC heap before
{Heap before GC invocations=45 (full 0):
 garbage-first heap   total 235520K, used 89363K [0x0000000080000000, 0x0000000100000000)
  region size 1024K, 16 young (16384K), 2 survivors (2048K)
 Metaspace       used 84076K, capacity 86409K, committed 86664K, reserved 591872K
  class space    used 10822K, capacity 11789K, committed 11904K, reserved 516096K
}
Event: 520.738 GC heap after
{Heap after GC invocations=46 (full 0):
 garbage-first heap   total 235520K, used 75665K [0x0000000080000000, 0x0000000100000000)
  region size 1024K, 2 young (2048K), 2 survivors (2048K)
 Metaspace       used 84076K, capacity 86409K, committed 86664K, reserved 591872K
  class space    used 10822K, capacity 11789K, committed 11904K, reserved 516096K
}
Event: 521.556 GC heap before
{Heap before GC invocations=46 (full 0):
 garbage-first heap   total 235520K, used 84881K [0x0000000080000000, 0x0000000100000000)
  region size 1024K, 11 young (11264K), 2 survivors (2048K)
 Metaspace       used 84076K, capacity 86409K, committed 86664K, reserved 591872K
  class space    used 10822K, capacity 11789K, committed 11904K, reserved 516096K
}

