# JRE version: OpenJDK Runtime Environment Microsoft-7208460 (11.0.18+10) (build 11.0.18+10-LTS)
# Java VM: OpenJDK 64-Bit Server VM Microsoft-7208460 (11.0.18+10-LTS, mixed mode, tiered, compressed oops, g1 gc, windows-amd64)
Heap:
 garbage-first heap   total 429056K, used 78435K [0x0000000080000000, 0x0000000100000000)
  region size 1024K, 2 young (2048K), 2 survivors (2048K)
 Metaspace       used 84186K, capacity 86539K, committed 86664K, reserved 591872K
  class space    used 10848K, capacity 11833K, committed 11904K, reserved 516096K
GC Heap History (20 events):
Event: 452.641 GC heap after
{Heap after GC invocations=44 (full 0):
 garbage-first heap   total 269312K, used 62108K [0x0000000080000000, 0x0000000100000000)
  region size 1024K, 1 young (1024K), 1 survivors (1024K)
 Metaspace       used 75975K, capacity 78272K, committed 78472K, reserved 585728K
  class space    used 9819K, capacity 10755K, committed 10880K, reserved 516096K
}
Event: 460.090 GC heap before
{Heap before GC invocations=44 (full 0):
 garbage-first heap   total 269312K, used 74396K [0x0000000080000000, 0x0000000100000000)
  region size 1024K, 13 young (13312K), 1 survivors (1024K)
 Metaspace       used 77517K, capacity 79796K, committed 80136K, reserved 585728K
  class space    used 9988K, capacity 10920K, committed 11008K, reserved 516096K
}
Event: 460.224 GC heap after
{Heap after GC invocations=45 (full 0):
 garbage-first heap   total 269312K, used 62257K [0x0000000080000000, 0x0000000100000000)
  region size 1024K, 1 young (1024K), 1 survivors (1024K)
 Metaspace       used 77517K, capacity 79796K, committed 80136K, reserved 585728K
  class space    used 9988K, capacity 10920K, committed 11008K, reserved 516096K
}
Event: 471.210 GC heap before
{Heap before GC invocations=45 (full 0):
 garbage-first heap   total 269312K, used 82737K [0x0000000080000000, 0x0000000100000000)
  region size 1024K, 16 young (16384K), 1 survivors (1024K)
 Metaspace       used 79343K, capacity 81591K, committed 81800K, reserved 587776K
  class space    used 10187K, capacity 11113K, committed 11136K, reserved 516096K
}
Event: 471.555 GC heap after
{Heap after GC invocations=46 (full 0):
 garbage-first heap   total 269312K, used 69609K [0x0000000080000000, 0x0000000100000000)
  region size 1024K, 2 young (2048K), 2 survivors (2048K)
 Metaspace       used 79343K, capacity 81591K, committed 81800K, reserved 587776K
  class space    used 10187K, capacity 11113K, committed 11136K, reserved 516096K
}
Event: 475.777 GC heap before
{Heap before GC invocations=46 (full 0):
 garbage-first heap   total 269312K, used 82921K [0x0000000080000000, 0x0000000100000000)
  region size 1024K, 13 young (13312K), 2 survivors (2048K)
 Metaspace       used 79894K, capacity 82159K, committed 82440K, reserved 587776K
  class space    used 10279K, capacity 11213K, committed 11264K, reserved 516096K
}
Event: 475.963 GC heap after
{Heap after GC invocations=47 (full 0):
 garbage-first heap   total 269312K, used 72003K [0x0000000080000000, 0x0000000100000000)
  region size 1024K, 1 young (1024K), 1 survivors (1024K)
 Metaspace       used 79894K, capacity 82159K, committed 82440K, reserved 587776K
  class space    used 10279K, capacity 11213K, committed 11264K, reserved 516096K
}
Event: 482.187 GC heap before
{Heap before GC invocations=47 (full 0):
 garbage-first heap   total 269312K, used 83267K [0x0000000080000000, 0x0000000100000000)
  region size 1024K, 13 young (13312K), 1 survivors (1024K)
 Metaspace       used 81104K, capacity 83382K, committed 83592K, reserved 589824K
  class space    used 10415K, capacity 11342K, committed 11392K, reserved 516096K
}
Event: 482.250 GC heap after
{Heap after GC invocations=48 (full 0):
 garbage-first heap   total 323584K, used 72906K [0x0000000080000000, 0x0000000100000000)
  region size 1024K, 2 young (2048K), 2 survivors (2048K)
 Metaspace       used 81104K, capacity 83382K, committed 83592K, reserved 589824K
  class space    used 10415K, capacity 11342K, committed 11392K, reserved 516096K
}
Event: 484.851 GC heap before
{Heap before GC invocations=48 (full 0):
 garbage-first heap   total 323584K, used 86218K [0x0000000080000000, 0x0000000100000000)
  region size 1024K, 15 young (15360K), 2 survivors (2048K)
 Metaspace       used 82126K, capacity 84419K, committed 84488K, reserved 589824K
  class space    used 10533K, capacity 11473K, committed 11520K, reserved 516096K
}
Event: 485.071 GC heap after
{Heap after GC invocations=49 (full 0):
 garbage-first heap   total 323584K, used 73656K [0x0000000080000000, 0x0000000100000000)
  region size 1024K, 2 young (2048K), 2 survivors (2048K)
 Metaspace       used 82126K, capacity 84419K, committed 84488K, reserved 589824K
  class space    used 10533K, capacity 11473K, committed 11520K, reserved 516096K
}
Event: 494.191 GC heap before
{Heap before GC invocations=49 (full 0):
 garbage-first heap   total 323584K, used 87992K [0x0000000080000000, 0x0000000100000000)
  region size 1024K, 15 young (15360K), 2 survivors (2048K)
 Metaspace       used 83176K, capacity 85475K, committed 85640K, reserved 591872K
  class space    used 10671K, capacity 11607K, committed 11648K, reserved 516096K
}
Event: 494.415 GC heap after
{Heap after GC invocations=50 (full 0):
 garbage-first heap   total 323584K, used 74980K [0x0000000080000000, 0x0000000100000000)
  region size 1024K, 2 young (2048K), 2 survivors (2048K)
 Metaspace       used 83176K, capacity 85475K, committed 85640K, reserved 591872K
  class space    used 10671K, capacity 11607K, committed 11648K, reserved 516096K
}
Event: 515.912 GC heap before
{Heap before GC invocations=50 (full 0):
 garbage-first heap   total 323584K, used 88292K [0x0000000080000000, 0x0000000100000000)
  region size 1024K, 15 young (15360K), 2 survivors (2048K)
 Metaspace       used 84003K, capacity 86351K, committed 86664K, reserved 591872K
  class space    used 10825K, capacity 11790K, committed 11904K, reserved 516096K
}
Event: 516.960 GC heap after
{Heap after GC invocations=51 (full 0):
 garbage-first heap   total 323584K, used 75252K [0x0000000080000000, 0x0000000100000000)
  region size 1024K, 1 young (1024K), 1 survivors (1024K)
 Metaspace       used 84003K, capacity 86351K, committed 86664K, reserved 591872K
  class space    used 10825K, capacity 11790K, committed 11904K, reserved 516096K
}
Event: 518.866 GC heap before
{Heap before GC invocations=51 (full 0):
 garbage-first heap   total 323584K, used 89588K [0x0000000080000000, 0x0000000100000000)
  region size 1024K, 15 young (15360K), 1 survivors (1024K)
 Metaspace       used 84021K, capacity 86353K, committed 86664K, reserved 591872K
  class space    used 10827K, capacity 11792K, committed 11904K, reserved 516096K
}
Event: 518.907 GC heap after
{Heap after GC invocations=52 (full 0):
 garbage-first heap   total 323584K, used 76243K [0x0000000080000000, 0x0000000100000000)
  region size 1024K, 2 young (2048K), 2 survivors (2048K)
 Metaspace       used 84021K, capacity 86353K, committed 86664K, reserved 591872K
  class space    used 10827K, capacity 11792K, committed 11904K, reserved 516096K
}
Event: 524.455 GC heap before
{Heap before GC invocations=52 (full 0):
 garbage-first heap   total 323584K, used 89555K [0x0000000080000000, 0x0000000100000000)
  region size 1024K, 15 young (15360K), 2 survivors (2048K)
 Metaspace       used 84134K, capacity 86463K, committed 86664K, reserved 591872K
  class space    used 10842K, capacity 11830K, committed 11904K, reserved 516096K
}
Event: 524.675 GC heap after
{Heap after GC invocations=53 (full 0):
 garbage-first heap   total 323584K, used 77309K [0x0000000080000000, 0x0000000100000000)
  region size 1024K, 2 young (2048K), 2 survivors (2048K)
 Metaspace       used 84134K, capacity 86463K, committed 86664K, reserved 591872K
  class space    used 10842K, capacity 11830K, committed 11904K, reserved 516096K
}
Event: 529.235 GC heap before
{Heap before GC invocations=53 (full 0):
 garbage-first heap   total 323584K, used 90621K [0x0000000080000000, 0x0000000100000000)
  region size 1024K, 15 young (15360K), 2 survivors (2048K)
 Metaspace       used 84186K, capacity 86539K, committed 86664K, reserved 591872K
  class space    used 10848K, capacity 11833K, committed 11904K, reserved 516096K
}

